<?xml version="1.0" encoding="UTF-8"?>
<!-- Generated by org.testng.reporters.JUnitXMLReporter -->
<testsuite ignored="0" hostname="TYSS-Ronald-Fredrick" failures="0" tests="8" name="Test" time="87.561" errors="0" timestamp="2024-09-17T22:42:51 IST">
  <testcase classname="in.gopocket.testScripts.Verify_User_ableTo_Add_Script_To_WishList" name="addTo_WishList" time="7.554"/>
  <testcase classname="in.gopocket.testScripts.Verify_User_ableTo_Add_Script_To_WishList" name="remove_From_WatchList" time="4.775"/>
  <testcase classname="in.gopocket.testScripts.Validate_UserName_In_Home_And_ProfilePage" name="validateUserName" time="3.45"/>
  <testcase classname="in.gopocket.testScripts.Verify_Alert" name="handel_Scrip_Alert" time="8.363"/>
  <testcase classname="in.gopocket.testScripts.Verify_User_Is_Able_To_Login_And_logout_With_Valid_Credentials" name="login_With_Valid_Credentials" time="10.822"/>
  <testcase classname="in.gopocket.testScripts.Verify_User_Is_Able_To_Login_And_logout_With_Valid_Credentials" name="verify_LogOut" time="4.469"/>
  <testcase classname="in.gopocket.testScripts.Validate_Login_Functionality" name="Login_with_InvalidCredentials" time="0.961"/>
  <testcase classname="in.gopocket.testScripts.Validate_Login_Functionality" name="Login_with_ValidCredentials" time="0.678"/>
</testsuite> <!-- Test -->
