<?xml version="1.0" encoding="UTF-8"?>
<!-- Generated by org.testng.reporters.JUnitXMLReporter -->
<testsuite ignored="0" hostname="TYSS-Ronald-Fredrick" failures="0" tests="2" name="AddToWishList" time="0.088" errors="0" timestamp="2024-09-17T22:37:22 IST">
  <testcase classname="in.gopocket.generic.BaseClass" name="@BeforeClass OpenBrowser" time="0.027">
    <failure type="java.lang.NullPointerException" message="Cannot invoke &amp;quot;org.openqa.selenium.WebDriver.manage()&amp;quot; because &amp;quot;this.driver&amp;quot; is null">
      <![CDATA[java.lang.NullPointerException: Cannot invoke "org.openqa.selenium.WebDriver.manage()" because "this.driver" is null
at in.gopocket.generic.BaseClass.OpenBrowser(BaseClass.java:37)
at java.base/java.util.ArrayList.forEach(ArrayList.java:1511)
... Removed 25 stack frames]]>
    </failure>
  </testcase> <!-- @BeforeClass OpenBrowser -->
  <testcase classname="in.gopocket.generic.BaseClass" name="@AfterClass close_browser" time="0.0">
    <skipped/>
  </testcase> <!-- @AfterClass close_browser -->
  <testcase classname="in.gopocket.testScripts.Verify_User_ableTo_Add_Script_To_WishList" name="addTo_WishList" time="0.0">
    <skipped/>
  </testcase> <!-- addTo_WishList -->
  <testcase classname="in.gopocket.testScripts.Verify_User_ableTo_Add_Script_To_WishList" name="remove_From_WatchList" time="0.0">
    <skipped/>
  </testcase> <!-- remove_From_WatchList -->
</testsuite> <!-- AddToWishList -->
