<?xml version="1.0" encoding="UTF-8"?>
<!-- Generated by org.testng.reporters.JUnitXMLReporter -->
<testsuite ignored="0" hostname="TYSS-Ronald-Fredrick" failures="0" tests="2" name="LoginFunction" time="0.009" errors="0" timestamp="2024-09-17T22:37:59 IST">
  <testcase classname="in.gopocket.testScripts.Validate_Login_Functionality" name="Login_with_InvalidCredentials" time="0.0">
    <skipped/>
  </testcase> <!-- Login_with_InvalidCredentials -->
  <testcase classname="in.gopocket.testScripts.Validate_Login_Functionality" name="Login_with_ValidCredentials" time="0.0">
    <skipped/>
  </testcase> <!-- Login_with_ValidCredentials -->
</testsuite> <!-- LoginFunction -->
