<?xml version="1.0" encoding="UTF-8"?>
<!-- Generated by org.testng.reporters.JUnitXMLReporter -->
<testsuite ignored="0" hostname="TYSS-Ronald-Fredrick" failures="0" tests="2" name="ValidateLoginAndLogout" time="0.01" errors="0" timestamp="2024-09-17T22:37:59 IST">
  <testcase classname="in.gopocket.testScripts.Verify_User_Is_Able_To_Login_And_logout_With_Valid_Credentials" name="login_With_Valid_Credentials" time="0.0">
    <skipped/>
  </testcase> <!-- login_With_Valid_Credentials -->
  <testcase classname="in.gopocket.testScripts.Verify_User_Is_Able_To_Login_And_logout_With_Valid_Credentials" name="verify_LogOut" time="0.0">
    <skipped/>
  </testcase> <!-- verify_LogOut -->
</testsuite> <!-- ValidateLoginAndLogout -->
