<?xml version="1.0" encoding="UTF-8"?>
<testng-results ignored="0" total="8" passed="8" failed="0" skipped="0">
  <reporter-output>
    <line>
      <![CDATA[Successfully Logged In]]>
    </line>
    <line>
      <![CDATA[Successfully Logged Out]]>
    </line>
    <line>
      <![CDATA[Successfully validated Error Message]]>
    </line>
    <line>
      <![CDATA[Successfully Logined In]]>
    </line>
  </reporter-output>
  <suite started-at="2024-09-17T22:41:23 IST" name="Suite" finished-at="2024-09-17T22:42:51 IST" duration-ms="87561">
    <groups>
    </groups>
    <test started-at="2024-09-17T22:41:23 IST" name="Test" finished-at="2024-09-17T22:42:51 IST" duration-ms="87561">
      <class name="in.gopocket.testScripts.Verify_Alert">
        <test-method is-config="true" signature="OpenBrowser(java.lang.String)[pri:0, instance:in.gopocket.testScripts.Verify_Alert@5bf0d49]" started-at="2024-09-17T22:41:57 IST" name="OpenBrowser" finished-at="2024-09-17T22:42:02 IST" duration-ms="5505" status="PASS">
          <params>
            <param index="0">
              <value>
                <![CDATA[Edge]]>
              </value>
            </param>
          </params>
          <reporter-output>
          </reporter-output>
        </test-method> <!-- OpenBrowser -->
        <test-method signature="handel_Scrip_Alert()[pri:0, instance:in.gopocket.testScripts.Verify_Alert@5bf0d49]" started-at="2024-09-17T22:42:02 IST" name="handel_Scrip_Alert" finished-at="2024-09-17T22:42:11 IST" duration-ms="8363" status="PASS">
          <reporter-output>
          </reporter-output>
        </test-method> <!-- handel_Scrip_Alert -->
        <test-method is-config="true" signature="close_browser()[pri:0, instance:in.gopocket.testScripts.Verify_Alert@5bf0d49]" started-at="2024-09-17T22:42:11 IST" name="close_browser" finished-at="2024-09-17T22:42:11 IST" duration-ms="273" status="PASS">
          <reporter-output>
          </reporter-output>
        </test-method> <!-- close_browser -->
      </class> <!-- in.gopocket.testScripts.Verify_Alert -->
      <class name="in.gopocket.testScripts.Verify_User_ableTo_Add_Script_To_WishList">
        <test-method is-config="true" signature="OpenBrowser(java.lang.String)[pri:0, instance:in.gopocket.testScripts.Verify_User_ableTo_Add_Script_To_WishList@36fc695d]" started-at="2024-09-17T22:41:23 IST" name="OpenBrowser" finished-at="2024-09-17T22:41:31 IST" duration-ms="8247" status="PASS">
          <params>
            <param index="0">
              <value>
                <![CDATA[Edge]]>
              </value>
            </param>
          </params>
          <reporter-output>
          </reporter-output>
        </test-method> <!-- OpenBrowser -->
        <test-method signature="addTo_WishList()[pri:1, instance:in.gopocket.testScripts.Verify_User_ableTo_Add_Script_To_WishList@36fc695d]" started-at="2024-09-17T22:41:31 IST" name="addTo_WishList" finished-at="2024-09-17T22:41:39 IST" duration-ms="7554" status="PASS">
          <reporter-output>
          </reporter-output>
        </test-method> <!-- addTo_WishList -->
        <test-method signature="remove_From_WatchList()[pri:2, instance:in.gopocket.testScripts.Verify_User_ableTo_Add_Script_To_WishList@36fc695d]" started-at="2024-09-17T22:41:39 IST" name="remove_From_WatchList" finished-at="2024-09-17T22:41:44 IST" duration-ms="4775" status="PASS">
          <reporter-output>
          </reporter-output>
        </test-method> <!-- remove_From_WatchList -->
        <test-method is-config="true" signature="close_browser()[pri:0, instance:in.gopocket.testScripts.Verify_User_ableTo_Add_Script_To_WishList@36fc695d]" started-at="2024-09-17T22:41:44 IST" name="close_browser" finished-at="2024-09-17T22:41:44 IST" duration-ms="328" status="PASS">
          <reporter-output>
          </reporter-output>
        </test-method> <!-- close_browser -->
      </class> <!-- in.gopocket.testScripts.Verify_User_ableTo_Add_Script_To_WishList -->
      <class name="in.gopocket.testScripts.Verify_User_Is_Able_To_Login_And_logout_With_Valid_Credentials">
        <test-method is-config="true" signature="OpenBrowser(java.lang.String)[pri:0, instance:in.gopocket.testScripts.Verify_User_Is_Able_To_Login_And_logout_With_Valid_Credentials@5b7a5baa]" started-at="2024-09-17T22:42:11 IST" name="OpenBrowser" finished-at="2024-09-17T22:42:21 IST" duration-ms="9558" status="PASS">
          <params>
            <param index="0">
              <value>
                <![CDATA[Edge]]>
              </value>
            </param>
          </params>
          <reporter-output>
          </reporter-output>
        </test-method> <!-- OpenBrowser -->
        <test-method signature="login_With_Valid_Credentials()[pri:1, instance:in.gopocket.testScripts.Verify_User_Is_Able_To_Login_And_logout_With_Valid_Credentials@5b7a5baa]" started-at="2024-09-17T22:42:21 IST" name="login_With_Valid_Credentials" finished-at="2024-09-17T22:42:31 IST" duration-ms="10822" status="PASS">
          <reporter-output>
            <line>
              <![CDATA[Successfully Logged In]]>
            </line>
          </reporter-output>
        </test-method> <!-- login_With_Valid_Credentials -->
        <test-method signature="verify_LogOut()[pri:2, instance:in.gopocket.testScripts.Verify_User_Is_Able_To_Login_And_logout_With_Valid_Credentials@5b7a5baa]" started-at="2024-09-17T22:42:31 IST" name="verify_LogOut" finished-at="2024-09-17T22:42:36 IST" duration-ms="4469" status="PASS">
          <reporter-output>
            <line>
              <![CDATA[Successfully Logged Out]]>
            </line>
          </reporter-output>
        </test-method> <!-- verify_LogOut -->
        <test-method is-config="true" signature="close_browser()[pri:0, instance:in.gopocket.testScripts.Verify_User_Is_Able_To_Login_And_logout_With_Valid_Credentials@5b7a5baa]" started-at="2024-09-17T22:42:36 IST" name="close_browser" finished-at="2024-09-17T22:42:36 IST" duration-ms="255" status="PASS">
          <reporter-output>
          </reporter-output>
        </test-method> <!-- close_browser -->
      </class> <!-- in.gopocket.testScripts.Verify_User_Is_Able_To_Login_And_logout_With_Valid_Credentials -->
      <class name="in.gopocket.testScripts.Validate_UserName_In_Home_And_ProfilePage">
        <test-method is-config="true" signature="OpenBrowser(java.lang.String)[pri:0, instance:in.gopocket.testScripts.Validate_UserName_In_Home_And_ProfilePage@175c2241]" started-at="2024-09-17T22:41:44 IST" name="OpenBrowser" finished-at="2024-09-17T22:41:53 IST" duration-ms="9033" status="PASS">
          <params>
            <param index="0">
              <value>
                <![CDATA[Edge]]>
              </value>
            </param>
          </params>
          <reporter-output>
          </reporter-output>
        </test-method> <!-- OpenBrowser -->
        <test-method signature="validateUserName()[pri:0, instance:in.gopocket.testScripts.Validate_UserName_In_Home_And_ProfilePage@175c2241]" started-at="2024-09-17T22:41:53 IST" name="validateUserName" finished-at="2024-09-17T22:41:57 IST" duration-ms="3450" status="PASS">
          <reporter-output>
          </reporter-output>
        </test-method> <!-- validateUserName -->
        <test-method is-config="true" signature="close_browser()[pri:0, instance:in.gopocket.testScripts.Validate_UserName_In_Home_And_ProfilePage@175c2241]" started-at="2024-09-17T22:41:57 IST" name="close_browser" finished-at="2024-09-17T22:41:57 IST" duration-ms="235" status="PASS">
          <reporter-output>
          </reporter-output>
        </test-method> <!-- close_browser -->
      </class> <!-- in.gopocket.testScripts.Validate_UserName_In_Home_And_ProfilePage -->
      <class name="in.gopocket.testScripts.Validate_Login_Functionality">
        <test-method is-config="true" signature="OpenBrowser(java.lang.String)[pri:0, instance:in.gopocket.testScripts.Validate_Login_Functionality@776aec5c]" started-at="2024-09-17T22:42:36 IST" name="OpenBrowser" finished-at="2024-09-17T22:42:49 IST" duration-ms="12734" status="PASS">
          <params>
            <param index="0">
              <value>
                <![CDATA[Edge]]>
              </value>
            </param>
          </params>
          <reporter-output>
          </reporter-output>
        </test-method> <!-- OpenBrowser -->
        <test-method signature="Login_with_InvalidCredentials()[pri:1, instance:in.gopocket.testScripts.Validate_Login_Functionality@776aec5c]" started-at="2024-09-17T22:42:49 IST" name="Login_with_InvalidCredentials" finished-at="2024-09-17T22:42:50 IST" duration-ms="961" status="PASS">
          <reporter-output>
            <line>
              <![CDATA[Successfully validated Error Message]]>
            </line>
          </reporter-output>
        </test-method> <!-- Login_with_InvalidCredentials -->
        <test-method signature="Login_with_ValidCredentials()[pri:2, instance:in.gopocket.testScripts.Validate_Login_Functionality@776aec5c]" started-at="2024-09-17T22:42:50 IST" name="Login_with_ValidCredentials" finished-at="2024-09-17T22:42:51 IST" duration-ms="678" status="PASS">
          <reporter-output>
            <line>
              <![CDATA[Successfully Logined In]]>
            </line>
          </reporter-output>
        </test-method> <!-- Login_with_ValidCredentials -->
        <test-method is-config="true" signature="close_browser()[pri:0, instance:in.gopocket.testScripts.Validate_Login_Functionality@776aec5c]" started-at="2024-09-17T22:42:51 IST" name="close_browser" finished-at="2024-09-17T22:42:51 IST" duration-ms="227" status="PASS">
          <reporter-output>
          </reporter-output>
        </test-method> <!-- close_browser -->
      </class> <!-- in.gopocket.testScripts.Validate_Login_Functionality -->
    </test> <!-- Test -->
  </suite> <!-- Suite -->
</testng-results>
