<?xml version="1.0" encoding="UTF-8"?>
<testng-results ignored="0" total="9" passed="8" failed="1" skipped="0">
  <reporter-output>
    <line>
      <![CDATA[addTo_WishList Successfully Execution Started]]>
    </line>
    <line>
      <![CDATA[addTo_WishListIs Passed]]>
    </line>
    <line>
      <![CDATA[remove_From_WatchList Successfully Execution Started]]>
    </line>
    <line>
      <![CDATA[remove_From_WatchListIs Passed]]>
    </line>
    <line>
      <![CDATA[validateUserName Successfully Execution Started]]>
    </line>
    <line>
      <![CDATA[validateUserNameIs Passed]]>
    </line>
    <line>
      <![CDATA[handel_Scrip_Alert Successfully Execution Started]]>
    </line>
    <line>
      <![CDATA[handel_Scrip_AlertIs Passed]]>
    </line>
    <line>
      <![CDATA[login_With_Valid_Credentials Successfully Execution Started]]>
    </line>
    <line>
      <![CDATA[Successfully Logged In]]>
    </line>
    <line>
      <![CDATA[login_With_Valid_CredentialsIs Passed]]>
    </line>
    <line>
      <![CDATA[verify_LogOut Successfully Execution Started]]>
    </line>
    <line>
      <![CDATA[Successfully Logged Out]]>
    </line>
    <line>
      <![CDATA[verify_LogOutIs Passed]]>
    </line>
    <line>
      <![CDATA[Login_with_InvalidCredentials Successfully Execution Started]]>
    </line>
    <line>
      <![CDATA[Successfully validated Error_Message]]>
    </line>
    <line>
      <![CDATA[Login_with_InvalidCredentialsIs Passed]]>
    </line>
    <line>
      <![CDATA[Login_with_ValidCredentials Successfully Execution Started]]>
    </line>
    <line>
      <![CDATA[Successfully Logined In]]>
    </line>
    <line>
      <![CDATA[Login_with_ValidCredentialsIs Passed]]>
    </line>
    <line>
      <![CDATA[create_Basket Successfully Execution Started]]>
    </line>
    <line>
      <![CDATA[create_BasketIs Failed]]>
    </line>
  </reporter-output>
  <suite started-at="2024-09-29T15:47:58 IST" name="Suite" finished-at="2024-09-29T15:49:49 IST" duration-ms="110930">
    <groups>
    </groups>
    <test started-at="2024-09-29T15:47:58 IST" name="Test" finished-at="2024-09-29T15:49:49 IST" duration-ms="110930">
      <class name="in.gopocket.testScripts.Verify_Alert">
        <test-method is-config="true" signature="OpenBrowser(java.lang.String)[pri:0, instance:in.gopocket.testScripts.Verify_Alert@557caf28]" started-at="2024-09-29T15:48:34 IST" name="OpenBrowser" finished-at="2024-09-29T15:48:45 IST" duration-ms="11192" status="PASS">
          <params>
            <param index="0">
              <value>
                <![CDATA[Chrome]]>
              </value>
            </param>
          </params>
          <reporter-output>
          </reporter-output>
        </test-method> <!-- OpenBrowser -->
        <test-method signature="handel_Scrip_Alert()[pri:0, instance:in.gopocket.testScripts.Verify_Alert@557caf28]" started-at="2024-09-29T15:48:45 IST" name="handel_Scrip_Alert" finished-at="2024-09-29T15:48:56 IST" duration-ms="10275" status="PASS">
          <reporter-output>
            <line>
              <![CDATA[handel_Scrip_Alert Successfully Execution Started]]>
            </line>
            <line>
              <![CDATA[handel_Scrip_AlertIs Passed]]>
            </line>
          </reporter-output>
        </test-method> <!-- handel_Scrip_Alert -->
        <test-method is-config="true" signature="close_browser()[pri:0, instance:in.gopocket.testScripts.Verify_Alert@557caf28]" started-at="2024-09-29T15:48:56 IST" name="close_browser" finished-at="2024-09-29T15:48:56 IST" duration-ms="291" status="PASS">
          <reporter-output>
          </reporter-output>
        </test-method> <!-- close_browser -->
      </class> <!-- in.gopocket.testScripts.Verify_Alert -->
      <class name="in.gopocket.testScripts.Verify_Basket_Functionality">
        <test-method is-config="true" signature="OpenBrowser(java.lang.String)[pri:0, instance:in.gopocket.testScripts.Verify_Basket_Functionality@3c46e67a]" started-at="2024-09-29T15:49:31 IST" name="OpenBrowser" finished-at="2024-09-29T15:49:38 IST" duration-ms="6576" status="PASS">
          <params>
            <param index="0">
              <value>
                <![CDATA[Chrome]]>
              </value>
            </param>
          </params>
          <reporter-output>
          </reporter-output>
        </test-method> <!-- OpenBrowser -->
        <test-method signature="create_Basket()[pri:0, instance:in.gopocket.testScripts.Verify_Basket_Functionality@3c46e67a]" started-at="2024-09-29T15:49:38 IST" name="create_Basket" finished-at="2024-09-29T15:49:48 IST" duration-ms="10661" status="FAIL">
          <exception class="org.openqa.selenium.NoSuchElementException">
            <message>
              <![CDATA[no such element: Unable to locate element: {"method":"xpath","selector":"(//div[@id='verifyWebAuthOtp_input']//input)[1]"}
  (Session info: chrome=129.0.6668.60)
For documentation on this error, please visit: https://www.selenium.dev/documentation/webdriver/troubleshooting/errors#no-such-element-exception
Build info: version: '4.16.1', revision: '9b4c83354e'
System info: os.name: 'Windows 10', os.arch: 'amd64', os.version: '10.0', java.version: '17.0.1'
Driver info: org.openqa.selenium.chrome.ChromeDriver
Command: [90927033240fadf29dfb7e77836c3f37, findElement {using=xpath, value=(//div[@id='verifyWebAuthOtp_input']//input)[1]}]
Capabilities {acceptInsecureCerts: false, browserName: chrome, browserVersion: 129.0.6668.60, chrome: {chromedriverVersion: 129.0.6668.70 (df87d5cf12b1..., userDataDir: C:\Users\Ronald\AppData\Loc...}, fedcm:accounts: true, goog:chromeOptions: {debuggerAddress: localhost:55277}, networkConnectionEnabled: false, pageLoadStrategy: normal, platformName: windows, proxy: Proxy(), se:cdp: ws://localhost:55277/devtoo..., se:cdpVersion: 129.0.6668.60, setWindowRect: true, strictFileInteractability: false, timeouts: {implicit: 0, pageLoad: 300000, script: 30000}, unhandledPromptBehavior: dismiss and notify, webauthn:extension:credBlob: true, webauthn:extension:largeBlob: true, webauthn:extension:minPinLength: true, webauthn:extension:prf: true, webauthn:virtualAuthenticators: true}
Session ID: 90927033240fadf29dfb7e77836c3f37]]>
            </message>
            <full-stacktrace>
              <![CDATA[org.openqa.selenium.NoSuchElementException: no such element: Unable to locate element: {"method":"xpath","selector":"(//div[@id='verifyWebAuthOtp_input']//input)[1]"}
  (Session info: chrome=129.0.6668.60)
For documentation on this error, please visit: https://www.selenium.dev/documentation/webdriver/troubleshooting/errors#no-such-element-exception
Build info: version: '4.16.1', revision: '9b4c83354e'
System info: os.name: 'Windows 10', os.arch: 'amd64', os.version: '10.0', java.version: '17.0.1'
Driver info: org.openqa.selenium.chrome.ChromeDriver
Command: [90927033240fadf29dfb7e77836c3f37, findElement {using=xpath, value=(//div[@id='verifyWebAuthOtp_input']//input)[1]}]
Capabilities {acceptInsecureCerts: false, browserName: chrome, browserVersion: 129.0.6668.60, chrome: {chromedriverVersion: 129.0.6668.70 (df87d5cf12b1..., userDataDir: C:\Users\Ronald\AppData\Loc...}, fedcm:accounts: true, goog:chromeOptions: {debuggerAddress: localhost:55277}, networkConnectionEnabled: false, pageLoadStrategy: normal, platformName: windows, proxy: Proxy(), se:cdp: ws://localhost:55277/devtoo..., se:cdpVersion: 129.0.6668.60, setWindowRect: true, strictFileInteractability: false, timeouts: {implicit: 0, pageLoad: 300000, script: 30000}, unhandledPromptBehavior: dismiss and notify, webauthn:extension:credBlob: true, webauthn:extension:largeBlob: true, webauthn:extension:minPinLength: true, webauthn:extension:prf: true, webauthn:virtualAuthenticators: true}
Session ID: 90927033240fadf29dfb7e77836c3f37
at java.base/jdk.internal.reflect.NativeConstructorAccessorImpl.newInstance0(Native Method)
at java.base/jdk.internal.reflect.NativeConstructorAccessorImpl.newInstance(NativeConstructorAccessorImpl.java:77)
at java.base/jdk.internal.reflect.DelegatingConstructorAccessorImpl.newInstance(DelegatingConstructorAccessorImpl.java:45)
at java.base/java.lang.reflect.Constructor.newInstanceWithCaller(Constructor.java:499)
at java.base/java.lang.reflect.Constructor.newInstance(Constructor.java:480)
at org.openqa.selenium.remote.codec.w3c.W3CHttpResponseCodec.createException(W3CHttpResponseCodec.java:200)
at org.openqa.selenium.remote.codec.w3c.W3CHttpResponseCodec.decode(W3CHttpResponseCodec.java:133)
at org.openqa.selenium.remote.codec.w3c.W3CHttpResponseCodec.decode(W3CHttpResponseCodec.java:52)
at org.openqa.selenium.remote.HttpCommandExecutor.execute(HttpCommandExecutor.java:191)
at org.openqa.selenium.remote.service.DriverCommandExecutor.invokeExecute(DriverCommandExecutor.java:200)
at org.openqa.selenium.remote.service.DriverCommandExecutor.execute(DriverCommandExecutor.java:175)
at org.openqa.selenium.remote.RemoteWebDriver.execute(RemoteWebDriver.java:523)
at org.openqa.selenium.remote.ElementLocation$ElementFinder$2.findElement(ElementLocation.java:165)
at org.openqa.selenium.remote.ElementLocation.findElement(ElementLocation.java:59)
at org.openqa.selenium.remote.RemoteWebDriver.findElement(RemoteWebDriver.java:360)
at org.openqa.selenium.remote.RemoteWebDriver.findElement(RemoteWebDriver.java:354)
at in.gopocket.generic.WebDriver_Utility.enterOtp(WebDriver_Utility.java:24)
at in.gopocket.testScripts.Verify_Basket_Functionality.create_Basket(Verify_Basket_Functionality.java:31)
at java.base/jdk.internal.reflect.NativeMethodAccessorImpl.invoke0(Native Method)
at java.base/jdk.internal.reflect.NativeMethodAccessorImpl.invoke(NativeMethodAccessorImpl.java:77)
at java.base/jdk.internal.reflect.DelegatingMethodAccessorImpl.invoke(DelegatingMethodAccessorImpl.java:43)
at java.base/java.lang.reflect.Method.invoke(Method.java:568)
at org.testng.internal.invokers.MethodInvocationHelper.invokeMethod(MethodInvocationHelper.java:141)
at org.testng.internal.invokers.TestInvoker.invokeMethod(TestInvoker.java:686)
at org.testng.internal.invokers.TestInvoker.invokeTestMethod(TestInvoker.java:230)
at org.testng.internal.invokers.MethodRunner.runInSequence(MethodRunner.java:63)
at org.testng.internal.invokers.TestInvoker$MethodInvocationAgent.invoke(TestInvoker.java:992)
at org.testng.internal.invokers.TestInvoker.invokeTestMethods(TestInvoker.java:203)
at org.testng.internal.invokers.TestMethodWorker.invokeTestMethods(TestMethodWorker.java:154)
at org.testng.internal.invokers.TestMethodWorker.run(TestMethodWorker.java:134)
at java.base/java.util.ArrayList.forEach(ArrayList.java:1511)
at org.testng.TestRunner.privateRun(TestRunner.java:739)
at org.testng.TestRunner.run(TestRunner.java:614)
at org.testng.SuiteRunner.runTest(SuiteRunner.java:421)
at org.testng.SuiteRunner.runSequentially(SuiteRunner.java:413)
at org.testng.SuiteRunner.privateRun(SuiteRunner.java:373)
at org.testng.SuiteRunner.run(SuiteRunner.java:312)
at org.testng.SuiteRunnerWorker.runSuite(SuiteRunnerWorker.java:52)
at org.testng.SuiteRunnerWorker.run(SuiteRunnerWorker.java:95)
at org.testng.TestNG.runSuitesSequentially(TestNG.java:1274)
at org.testng.TestNG.runSuitesLocally(TestNG.java:1208)
at org.testng.TestNG.runSuites(TestNG.java:1112)
at org.testng.TestNG.run(TestNG.java:1079)
at org.testng.remote.AbstractRemoteTestNG.run(AbstractRemoteTestNG.java:115)
at org.testng.remote.RemoteTestNG.initAndRun(RemoteTestNG.java:293)
at org.testng.remote.RemoteTestNG.main(RemoteTestNG.java:91)
]]>
            </full-stacktrace>
          </exception> <!-- org.openqa.selenium.NoSuchElementException -->
          <reporter-output>
            <line>
              <![CDATA[create_Basket Successfully Execution Started]]>
            </line>
            <line>
              <![CDATA[create_BasketIs Failed]]>
            </line>
          </reporter-output>
        </test-method> <!-- create_Basket -->
        <test-method is-config="true" signature="close_browser()[pri:0, instance:in.gopocket.testScripts.Verify_Basket_Functionality@3c46e67a]" started-at="2024-09-29T15:49:48 IST" name="close_browser" finished-at="2024-09-29T15:49:49 IST" duration-ms="241" status="PASS">
          <reporter-output>
          </reporter-output>
        </test-method> <!-- close_browser -->
      </class> <!-- in.gopocket.testScripts.Verify_Basket_Functionality -->
      <class name="in.gopocket.testScripts.Verify_User_ableTo_Add_Script_To_WishList">
        <test-method is-config="true" signature="OpenBrowser(java.lang.String)[pri:0, instance:in.gopocket.testScripts.Verify_User_ableTo_Add_Script_To_WishList@175c2241]" started-at="2024-09-29T15:47:58 IST" name="OpenBrowser" finished-at="2024-09-29T15:48:06 IST" duration-ms="8111" status="PASS">
          <params>
            <param index="0">
              <value>
                <![CDATA[Chrome]]>
              </value>
            </param>
          </params>
          <reporter-output>
          </reporter-output>
        </test-method> <!-- OpenBrowser -->
        <test-method signature="addTo_WishList()[pri:1, instance:in.gopocket.testScripts.Verify_User_ableTo_Add_Script_To_WishList@175c2241]" started-at="2024-09-29T15:48:06 IST" name="addTo_WishList" finished-at="2024-09-29T15:48:15 IST" duration-ms="9278" status="PASS">
          <reporter-output>
            <line>
              <![CDATA[addTo_WishList Successfully Execution Started]]>
            </line>
            <line>
              <![CDATA[addTo_WishListIs Passed]]>
            </line>
          </reporter-output>
        </test-method> <!-- addTo_WishList -->
        <test-method signature="remove_From_WatchList()[pri:2, instance:in.gopocket.testScripts.Verify_User_ableTo_Add_Script_To_WishList@175c2241]" started-at="2024-09-29T15:48:15 IST" name="remove_From_WatchList" finished-at="2024-09-29T15:48:20 IST" duration-ms="4714" status="PASS">
          <reporter-output>
            <line>
              <![CDATA[remove_From_WatchList Successfully Execution Started]]>
            </line>
            <line>
              <![CDATA[remove_From_WatchListIs Passed]]>
            </line>
          </reporter-output>
        </test-method> <!-- remove_From_WatchList -->
        <test-method is-config="true" signature="close_browser()[pri:0, instance:in.gopocket.testScripts.Verify_User_ableTo_Add_Script_To_WishList@175c2241]" started-at="2024-09-29T15:48:20 IST" name="close_browser" finished-at="2024-09-29T15:48:20 IST" duration-ms="330" status="PASS">
          <reporter-output>
          </reporter-output>
        </test-method> <!-- close_browser -->
      </class> <!-- in.gopocket.testScripts.Verify_User_ableTo_Add_Script_To_WishList -->
      <class name="in.gopocket.testScripts.Verify_User_Is_Able_To_Login_And_logout_With_Valid_Credentials">
        <test-method is-config="true" signature="OpenBrowser(java.lang.String)[pri:0, instance:in.gopocket.testScripts.Verify_User_Is_Able_To_Login_And_logout_With_Valid_Credentials@408d971b]" started-at="2024-09-29T15:48:56 IST" name="OpenBrowser" finished-at="2024-09-29T15:49:08 IST" duration-ms="11922" status="PASS">
          <params>
            <param index="0">
              <value>
                <![CDATA[Chrome]]>
              </value>
            </param>
          </params>
          <reporter-output>
          </reporter-output>
        </test-method> <!-- OpenBrowser -->
        <test-method signature="login_With_Valid_Credentials()[pri:1, instance:in.gopocket.testScripts.Verify_User_Is_Able_To_Login_And_logout_With_Valid_Credentials@408d971b]" started-at="2024-09-29T15:49:08 IST" name="login_With_Valid_Credentials" finished-at="2024-09-29T15:49:21 IST" duration-ms="12569" status="PASS">
          <reporter-output>
            <line>
              <![CDATA[login_With_Valid_Credentials Successfully Execution Started]]>
            </line>
            <line>
              <![CDATA[Successfully Logged In]]>
            </line>
            <line>
              <![CDATA[login_With_Valid_CredentialsIs Passed]]>
            </line>
          </reporter-output>
        </test-method> <!-- login_With_Valid_Credentials -->
        <test-method signature="verify_LogOut()[pri:2, instance:in.gopocket.testScripts.Verify_User_Is_Able_To_Login_And_logout_With_Valid_Credentials@408d971b]" started-at="2024-09-29T15:49:21 IST" name="verify_LogOut" finished-at="2024-09-29T15:49:25 IST" duration-ms="4464" status="PASS">
          <reporter-output>
            <line>
              <![CDATA[verify_LogOut Successfully Execution Started]]>
            </line>
            <line>
              <![CDATA[Successfully Logged Out]]>
            </line>
            <line>
              <![CDATA[verify_LogOutIs Passed]]>
            </line>
          </reporter-output>
        </test-method> <!-- verify_LogOut -->
        <test-method is-config="true" signature="close_browser()[pri:0, instance:in.gopocket.testScripts.Verify_User_Is_Able_To_Login_And_logout_With_Valid_Credentials@408d971b]" started-at="2024-09-29T15:49:25 IST" name="close_browser" finished-at="2024-09-29T15:49:25 IST" duration-ms="288" status="PASS">
          <reporter-output>
          </reporter-output>
        </test-method> <!-- close_browser -->
      </class> <!-- in.gopocket.testScripts.Verify_User_Is_Able_To_Login_And_logout_With_Valid_Credentials -->
      <class name="in.gopocket.testScripts.Validate_UserName_In_Home_And_ProfilePage">
        <test-method is-config="true" signature="OpenBrowser(java.lang.String)[pri:0, instance:in.gopocket.testScripts.Validate_UserName_In_Home_And_ProfilePage@75d4a5c2]" started-at="2024-09-29T15:48:20 IST" name="OpenBrowser" finished-at="2024-09-29T15:48:29 IST" duration-ms="8304" status="PASS">
          <params>
            <param index="0">
              <value>
                <![CDATA[Chrome]]>
              </value>
            </param>
          </params>
          <reporter-output>
          </reporter-output>
        </test-method> <!-- OpenBrowser -->
        <test-method signature="validateUserName()[pri:0, instance:in.gopocket.testScripts.Validate_UserName_In_Home_And_ProfilePage@75d4a5c2]" started-at="2024-09-29T15:48:29 IST" name="validateUserName" finished-at="2024-09-29T15:48:34 IST" duration-ms="5472" status="PASS">
          <reporter-output>
            <line>
              <![CDATA[validateUserName Successfully Execution Started]]>
            </line>
            <line>
              <![CDATA[validateUserNameIs Passed]]>
            </line>
          </reporter-output>
        </test-method> <!-- validateUserName -->
        <test-method is-config="true" signature="close_browser()[pri:0, instance:in.gopocket.testScripts.Validate_UserName_In_Home_And_ProfilePage@75d4a5c2]" started-at="2024-09-29T15:48:34 IST" name="close_browser" finished-at="2024-09-29T15:48:34 IST" duration-ms="222" status="PASS">
          <reporter-output>
          </reporter-output>
        </test-method> <!-- close_browser -->
      </class> <!-- in.gopocket.testScripts.Validate_UserName_In_Home_And_ProfilePage -->
      <class name="in.gopocket.testScripts.Validate_Login_Functionality">
        <test-method is-config="true" signature="OpenBrowser(java.lang.String)[pri:0, instance:in.gopocket.testScripts.Validate_Login_Functionality@6c6cb480]" started-at="2024-09-29T15:49:25 IST" name="OpenBrowser" finished-at="2024-09-29T15:49:30 IST" duration-ms="4385" status="PASS">
          <params>
            <param index="0">
              <value>
                <![CDATA[Chrome]]>
              </value>
            </param>
          </params>
          <reporter-output>
          </reporter-output>
        </test-method> <!-- OpenBrowser -->
        <test-method signature="Login_with_InvalidCredentials()[pri:1, instance:in.gopocket.testScripts.Validate_Login_Functionality@6c6cb480]" started-at="2024-09-29T15:49:30 IST" name="Login_with_InvalidCredentials" finished-at="2024-09-29T15:49:30 IST" duration-ms="826" status="PASS">
          <reporter-output>
            <line>
              <![CDATA[Login_with_InvalidCredentials Successfully Execution Started]]>
            </line>
            <line>
              <![CDATA[Successfully validated Error_Message]]>
            </line>
            <line>
              <![CDATA[Login_with_InvalidCredentialsIs Passed]]>
            </line>
          </reporter-output>
        </test-method> <!-- Login_with_InvalidCredentials -->
        <test-method signature="Login_with_ValidCredentials()[pri:2, instance:in.gopocket.testScripts.Validate_Login_Functionality@6c6cb480]" started-at="2024-09-29T15:49:30 IST" name="Login_with_ValidCredentials" finished-at="2024-09-29T15:49:31 IST" duration-ms="531" status="PASS">
          <reporter-output>
            <line>
              <![CDATA[Login_with_ValidCredentials Successfully Execution Started]]>
            </line>
            <line>
              <![CDATA[Successfully Logined In]]>
            </line>
            <line>
              <![CDATA[Login_with_ValidCredentialsIs Passed]]>
            </line>
          </reporter-output>
        </test-method> <!-- Login_with_ValidCredentials -->
        <test-method is-config="true" signature="close_browser()[pri:0, instance:in.gopocket.testScripts.Validate_Login_Functionality@6c6cb480]" started-at="2024-09-29T15:49:31 IST" name="close_browser" finished-at="2024-09-29T15:49:31 IST" duration-ms="181" status="PASS">
          <reporter-output>
          </reporter-output>
        </test-method> <!-- close_browser -->
      </class> <!-- in.gopocket.testScripts.Validate_Login_Functionality -->
    </test> <!-- Test -->
  </suite> <!-- Suite -->
</testng-results>
